<?xml version="1.0" encoding="UTF-8"?>
<!-- Generated by org.testng.reporters.JUnitXMLReporter -->
<testsuite ignored="13" hostname="DESKTOP-NO6VRSL" failures="0" tests="1" name="Default test" time="29.584" errors="0" timestamp="2025-05-02T05:19:39 PDT">
  <testcase classname="semiFinalSecondTest.semiFinalSecondTest.AppTest" name="iFrameTest" time="3.194"/>
  <testcase classname="semiFinalSecondTest.semiFinalSecondTest.AppTest" name="bookingCalendar" time="0.0">
    <ignored/>
  </testcase> <!-- bookingCalendar -->
  <testcase classname="semiFinalSecondTest.semiFinalSecondTest.AppTest" name="enableDisableTest" time="0.0">
    <ignored/>
  </testcase> <!-- enableDisableTest -->
  <testcase classname="semiFinalSecondTest.semiFinalSecondTest.AppTest" name="alert" time="0.0">
    <ignored/>
  </testcase> <!-- alert -->
  <testcase classname="semiFinalSecondTest.semiFinalSecondTest.AppTest" name="newTab" time="0.0">
    <ignored/>
  </testcase> <!-- newTab -->
  <testcase classname="semiFinalSecondTest.semiFinalSecondTest.AppTest" name="checkBox" time="0.0">
    <ignored/>
  </testcase> <!-- checkBox -->
  <testcase classname="semiFinalSecondTest.semiFinalSecondTest.AppTest" name="staticDropDown" time="0.0">
    <ignored/>
  </testcase> <!-- staticDropDown -->
  <testcase classname="semiFinalSecondTest.semiFinalSecondTest.AppTest" name="radioButton" time="0.0">
    <ignored/>
  </testcase> <!-- radioButton -->
  <testcase classname="semiFinalSecondTest.semiFinalSecondTest.AppTest" name="switchWindow" time="0.0">
    <ignored/>
  </testcase> <!-- switchWindow -->
  <testcase classname="semiFinalSecondTest.semiFinalSecondTest.AppTest" name="facebookButton" time="0.0">
    <ignored/>
  </testcase> <!-- facebookButton -->
  <testcase classname="semiFinalSecondTest.semiFinalSecondTest.AppTest" name="theTable" time="0.0">
    <ignored/>
  </testcase> <!-- theTable -->
  <testcase classname="semiFinalSecondTest.semiFinalSecondTest.AppTest" name="hideShowTest" time="0.0">
    <ignored/>
  </testcase> <!-- hideShowTest -->
  <testcase classname="semiFinalSecondTest.semiFinalSecondTest.AppTest" name="mouseHoverTest" time="0.0">
    <ignored/>
  </testcase> <!-- mouseHoverTest -->
  <testcase classname="semiFinalSecondTest.semiFinalSecondTest.AppTest" name="dynamicDropdown" time="0.0">
    <ignored/>
  </testcase> <!-- dynamicDropdown -->
</testsuite> <!-- Default test -->
