<?xml version="1.0" encoding="UTF-8"?>
<testng-results ignored="12" total="13" passed="1" failed="0" skipped="0">
  <reporter-output>
  </reporter-output>
  <suite started-at="2025-04-30T21:34:55 PDT" name="Default suite" finished-at="2025-04-30T21:35:05 PDT" duration-ms="10100">
    <groups>
    </groups>
    <test started-at="2025-04-30T21:34:55 PDT" name="Default test" finished-at="2025-04-30T21:35:05 PDT" duration-ms="10100">
      <class name="semiFinalSecondTest.semiFinalSecondTest.AppTest">
        <test-method is-config="true" signature="mySetup()[pri:0, instance:semiFinalSecondTest.semiFinalSecondTest.AppTest@50ecde95]" started-at="2025-04-30T21:34:55 PDT" name="mySetup" finished-at="2025-04-30T21:35:05 PDT" duration-ms="9545" status="PASS">
          <reporter-output>
          </reporter-output>
        </test-method> <!-- mySetup -->
        <test-method signature="bookingCalendar()[pri:13, instance:semiFinalSecondTest.semiFinalSecondTest.AppTest@50ecde95]" started-at="2025-04-30T21:35:05 PDT" name="bookingCalendar" finished-at="2025-04-30T21:35:05 PDT" duration-ms="433" status="PASS">
          <reporter-output>
          </reporter-output>
        </test-method> <!-- bookingCalendar -->
      </class> <!-- semiFinalSecondTest.semiFinalSecondTest.AppTest -->
    </test> <!-- Default test -->
  </suite> <!-- Default suite -->
</testng-results>
